---------- Date: 2016-08-14 18:54:27 ~ IP : 50.179.30.39 ----------
REQUEST URI : /index.php?route=checkout/confirm
MOD DETAILS:
   modFile   : /home/ecigadmin/ecigbazaar.com/vqmod/xml/irs_import_export_order_products_categories_customer_to_210X.xml
   id        : irs_import_export_order_products_categories_customer_to_2101
   version   : 2.0
   vqmver    : 2.4.1
   author    : IRSSOFT

File Name    : catalog/model/checkout/order.php(0)
VQModObject::applyMod - SEARCH NOT FOUND (ABORTING MOD): public function editOrder($order_id, $data) {
----------------------------------------------------------------------


---------- Date: 2016-08-14 18:55:29 ~ IP : 50.179.30.39 ----------
REQUEST URI : /index.php?route=payment/authorizenet_aim/send
MOD DETAILS:
   modFile   : /home/ecigadmin/ecigbazaar.com/vqmod/xml/irs_import_export_order_products_categories_customer_to_210X.xml
   id        : irs_import_export_order_products_categories_customer_to_2101
   version   : 2.0
   vqmver    : 2.4.1
   author    : IRSSOFT

File Name    : catalog/model/checkout/order.php(0)
VQModObject::applyMod - SEARCH NOT FOUND (ABORTING MOD): public function editOrder($order_id, $data) {
----------------------------------------------------------------------


---------- Date: 2016-08-14 19:02:49 ~ IP : 108.38.32.20 ----------
REQUEST URI : /admin/index.php?route=sale/order/info&amp;order_id=208&amp;token=cbb56e8dd31b62646c4a73d2da452f56
MOD DETAILS:
   modFile   : /home/ecigadmin/ecigbazaar.com/vqmod/xml/irs_import_export_order_products_categories_customer_to_210X.xml
   id        : irs_import_export_order_products_categories_customer_to_2101
   version   : 2.0
   vqmver    : 2.4.1
   author    : IRSSOFT

File Name    : admin/controller/sale/order.php(0)
VQModObject::applyMod - SEARCH NOT FOUND (ABORTING MOD): $data['invoice'] = $this->url->link('sale/order/invoice', 'token=' . $this->session->data['token'], 'SSL');
----------------------------------------------------------------------


---------- Date: 2016-08-14 19:02:49 ~ IP : 108.38.32.20 ----------
REQUEST URI : /admin/index.php?route=sale/order/history&amp;token=cbb56e8dd31b62646c4a73d2da452f56&amp;order_id=208
MOD DETAILS:
   modFile   : /home/ecigadmin/ecigbazaar.com/vqmod/xml/irs_import_export_order_products_categories_customer_to_210X.xml
   id        : irs_import_export_order_products_categories_customer_to_2101
   version   : 2.0
   vqmver    : 2.4.1
   author    : IRSSOFT

File Name    : admin/controller/sale/order.php(0)
VQModObject::applyMod - SEARCH NOT FOUND (ABORTING MOD): $data['invoice'] = $this->url->link('sale/order/invoice', 'token=' . $this->session->data['token'], 'SSL');
----------------------------------------------------------------------


---------- Date: 2016-08-14 19:02:55 ~ IP : 108.38.32.20 ----------
REQUEST URI : /admin/index.php?route=sale/order&amp;token=cbb56e8dd31b62646c4a73d2da452f56
MOD DETAILS:
   modFile   : /home/ecigadmin/ecigbazaar.com/vqmod/xml/irs_import_export_order_products_categories_customer_to_210X.xml
   id        : irs_import_export_order_products_categories_customer_to_2101
   version   : 2.0
   vqmver    : 2.4.1
   author    : IRSSOFT

File Name    : admin/controller/sale/order.php(0)
VQModObject::applyMod - SEARCH NOT FOUND (ABORTING MOD): $data['invoice'] = $this->url->link('sale/order/invoice', 'token=' . $this->session->data['token'], 'SSL');
----------------------------------------------------------------------


---------- Date: 2016-08-14 19:03:03 ~ IP : 108.38.32.20 ----------
REQUEST URI : /admin/index.php?route=sale/order/info&amp;token=cbb56e8dd31b62646c4a73d2da452f56&amp;order_id=211
MOD DETAILS:
   modFile   : /home/ecigadmin/ecigbazaar.com/vqmod/xml/irs_import_export_order_products_categories_customer_to_210X.xml
   id        : irs_import_export_order_products_categories_customer_to_2101
   version   : 2.0
   vqmver    : 2.4.1
   author    : IRSSOFT

File Name    : admin/controller/sale/order.php(0)
VQModObject::applyMod - SEARCH NOT FOUND (ABORTING MOD): $data['invoice'] = $this->url->link('sale/order/invoice', 'token=' . $this->session->data['token'], 'SSL');
----------------------------------------------------------------------


---------- Date: 2016-08-14 19:03:03 ~ IP : 108.38.32.20 ----------
REQUEST URI : /admin/index.php?route=sale/order/history&amp;token=cbb56e8dd31b62646c4a73d2da452f56&amp;order_id=211
MOD DETAILS:
   modFile   : /home/ecigadmin/ecigbazaar.com/vqmod/xml/irs_import_export_order_products_categories_customer_to_210X.xml
   id        : irs_import_export_order_products_categories_customer_to_2101
   version   : 2.0
   vqmver    : 2.4.1
   author    : IRSSOFT

File Name    : admin/controller/sale/order.php(0)
VQModObject::applyMod - SEARCH NOT FOUND (ABORTING MOD): $data['invoice'] = $this->url->link('sale/order/invoice', 'token=' . $this->session->data['token'], 'SSL');
----------------------------------------------------------------------


