---------- Date: 2016-08-15 01:42:25 ~ IP : 184.100.101.209 ----------
REQUEST URI : /index.php?route=account/account
MOD DETAILS:
   modFile   : /home/ecigadmin/ecigbazaar.com/vqmod/xml/irs_import_export_order_products_categories_customer_to_210X.xml
   id        : irs_import_export_order_products_categories_customer_to_2101
   version   : 2.0
   vqmver    : 2.4.1
   author    : IRSSOFT

File Name    : catalog/controller/account/account.php(0)
VQModObject::applyMod - SEARCH NOT FOUND (ABORTING MOD): public function country() {
----------------------------------------------------------------------


---------- Date: 2016-08-15 09:56:28 ~ IP : 91.194.84.106 ----------
REQUEST URI : /index.php?route=account/account
MOD DETAILS:
   modFile   : /home/ecigadmin/ecigbazaar.com/vqmod/xml/irs_import_export_order_products_categories_customer_to_210X.xml
   id        : irs_import_export_order_products_categories_customer_to_2101
   version   : 2.0
   vqmver    : 2.4.1
   author    : IRSSOFT

File Name    : catalog/controller/account/account.php(0)
VQModObject::applyMod - SEARCH NOT FOUND (ABORTING MOD): public function country() {
----------------------------------------------------------------------


---------- Date: 2016-08-15 12:05:27 ~ IP : 108.38.32.20 ----------
REQUEST URI : /admin/index.php?route=sale/order/info&amp;token=beba04188e8eb443af9ab3cdbcfcde6a&amp;order_id=211
MOD DETAILS:
   modFile   : /home/ecigadmin/ecigbazaar.com/vqmod/xml/irs_import_export_order_products_categories_customer_to_210X.xml
   id        : irs_import_export_order_products_categories_customer_to_2101
   version   : 2.0
   vqmver    : 2.4.1
   author    : IRSSOFT

File Name    : admin/controller/sale/order.php(0)
VQModObject::applyMod - SEARCH NOT FOUND (ABORTING MOD): $data['invoice'] = $this->url->link('sale/order/invoice', 'token=' . $this->session->data['token'], 'SSL');
----------------------------------------------------------------------


---------- Date: 2016-08-15 12:05:27 ~ IP : 108.38.32.20 ----------
REQUEST URI : /admin/index.php?route=sale/order/history&amp;token=beba04188e8eb443af9ab3cdbcfcde6a&amp;order_id=211
MOD DETAILS:
   modFile   : /home/ecigadmin/ecigbazaar.com/vqmod/xml/irs_import_export_order_products_categories_customer_to_210X.xml
   id        : irs_import_export_order_products_categories_customer_to_2101
   version   : 2.0
   vqmver    : 2.4.1
   author    : IRSSOFT

File Name    : admin/controller/sale/order.php(0)
VQModObject::applyMod - SEARCH NOT FOUND (ABORTING MOD): $data['invoice'] = $this->url->link('sale/order/invoice', 'token=' . $this->session->data['token'], 'SSL');
----------------------------------------------------------------------


---------- Date: 2016-08-15 12:06:23 ~ IP : 108.38.32.20 ----------
REQUEST URI : /admin/index.php?route=sale/order&amp;token=beba04188e8eb443af9ab3cdbcfcde6a
MOD DETAILS:
   modFile   : /home/ecigadmin/ecigbazaar.com/vqmod/xml/irs_import_export_order_products_categories_customer_to_210X.xml
   id        : irs_import_export_order_products_categories_customer_to_2101
   version   : 2.0
   vqmver    : 2.4.1
   author    : IRSSOFT

File Name    : admin/controller/sale/order.php(0)
VQModObject::applyMod - SEARCH NOT FOUND (ABORTING MOD): $data['invoice'] = $this->url->link('sale/order/invoice', 'token=' . $this->session->data['token'], 'SSL');
----------------------------------------------------------------------


---------- Date: 2016-08-15 12:06:32 ~ IP : 108.38.32.20 ----------
REQUEST URI : /admin/index.php?route=sale/order&amp;token=beba04188e8eb443af9ab3cdbcfcde6a&amp;filter_order_status_id=0
MOD DETAILS:
   modFile   : /home/ecigadmin/ecigbazaar.com/vqmod/xml/irs_import_export_order_products_categories_customer_to_210X.xml
   id        : irs_import_export_order_products_categories_customer_to_2101
   version   : 2.0
   vqmver    : 2.4.1
   author    : IRSSOFT

File Name    : admin/controller/sale/order.php(0)
VQModObject::applyMod - SEARCH NOT FOUND (ABORTING MOD): $data['invoice'] = $this->url->link('sale/order/invoice', 'token=' . $this->session->data['token'], 'SSL');
----------------------------------------------------------------------


---------- Date: 2016-08-15 12:06:35 ~ IP : 108.38.32.20 ----------
REQUEST URI : /admin/index.php?route=sale/order/info&amp;token=beba04188e8eb443af9ab3cdbcfcde6a&amp;order_id=209&amp;filter_order_status_id=0
MOD DETAILS:
   modFile   : /home/ecigadmin/ecigbazaar.com/vqmod/xml/irs_import_export_order_products_categories_customer_to_210X.xml
   id        : irs_import_export_order_products_categories_customer_to_2101
   version   : 2.0
   vqmver    : 2.4.1
   author    : IRSSOFT

File Name    : admin/controller/sale/order.php(0)
VQModObject::applyMod - SEARCH NOT FOUND (ABORTING MOD): $data['invoice'] = $this->url->link('sale/order/invoice', 'token=' . $this->session->data['token'], 'SSL');
----------------------------------------------------------------------


---------- Date: 2016-08-15 12:06:36 ~ IP : 108.38.32.20 ----------
REQUEST URI : /admin/index.php?route=sale/order/history&amp;token=beba04188e8eb443af9ab3cdbcfcde6a&amp;order_id=209
MOD DETAILS:
   modFile   : /home/ecigadmin/ecigbazaar.com/vqmod/xml/irs_import_export_order_products_categories_customer_to_210X.xml
   id        : irs_import_export_order_products_categories_customer_to_2101
   version   : 2.0
   vqmver    : 2.4.1
   author    : IRSSOFT

File Name    : admin/controller/sale/order.php(0)
VQModObject::applyMod - SEARCH NOT FOUND (ABORTING MOD): $data['invoice'] = $this->url->link('sale/order/invoice', 'token=' . $this->session->data['token'], 'SSL');
----------------------------------------------------------------------


---------- Date: 2016-08-15 12:06:52 ~ IP : 108.38.32.20 ----------
REQUEST URI : /admin/index.php?route=sale/order&amp;token=beba04188e8eb443af9ab3cdbcfcde6a
MOD DETAILS:
   modFile   : /home/ecigadmin/ecigbazaar.com/vqmod/xml/irs_import_export_order_products_categories_customer_to_210X.xml
   id        : irs_import_export_order_products_categories_customer_to_2101
   version   : 2.0
   vqmver    : 2.4.1
   author    : IRSSOFT

File Name    : admin/controller/sale/order.php(0)
VQModObject::applyMod - SEARCH NOT FOUND (ABORTING MOD): $data['invoice'] = $this->url->link('sale/order/invoice', 'token=' . $this->session->data['token'], 'SSL');
----------------------------------------------------------------------


---------- Date: 2016-08-15 12:07:03 ~ IP : 108.38.32.20 ----------
REQUEST URI : /admin/index.php?route=sale/order&amp;token=beba04188e8eb443af9ab3cdbcfcde6a&amp;filter_order_status_id=0
MOD DETAILS:
   modFile   : /home/ecigadmin/ecigbazaar.com/vqmod/xml/irs_import_export_order_products_categories_customer_to_210X.xml
   id        : irs_import_export_order_products_categories_customer_to_2101
   version   : 2.0
   vqmver    : 2.4.1
   author    : IRSSOFT

File Name    : admin/controller/sale/order.php(0)
VQModObject::applyMod - SEARCH NOT FOUND (ABORTING MOD): $data['invoice'] = $this->url->link('sale/order/invoice', 'token=' . $this->session->data['token'], 'SSL');
----------------------------------------------------------------------


---------- Date: 2016-08-15 12:07:15 ~ IP : 108.38.32.20 ----------
REQUEST URI : /admin/index.php?route=sale/order/info&amp;token=beba04188e8eb443af9ab3cdbcfcde6a&amp;order_id=209&amp;filter_order_status_id=0
MOD DETAILS:
   modFile   : /home/ecigadmin/ecigbazaar.com/vqmod/xml/irs_import_export_order_products_categories_customer_to_210X.xml
   id        : irs_import_export_order_products_categories_customer_to_2101
   version   : 2.0
   vqmver    : 2.4.1
   author    : IRSSOFT

File Name    : admin/controller/sale/order.php(0)
VQModObject::applyMod - SEARCH NOT FOUND (ABORTING MOD): $data['invoice'] = $this->url->link('sale/order/invoice', 'token=' . $this->session->data['token'], 'SSL');
----------------------------------------------------------------------


---------- Date: 2016-08-15 12:07:15 ~ IP : 108.38.32.20 ----------
REQUEST URI : /admin/index.php?route=sale/order/history&amp;token=beba04188e8eb443af9ab3cdbcfcde6a&amp;order_id=209
MOD DETAILS:
   modFile   : /home/ecigadmin/ecigbazaar.com/vqmod/xml/irs_import_export_order_products_categories_customer_to_210X.xml
   id        : irs_import_export_order_products_categories_customer_to_2101
   version   : 2.0
   vqmver    : 2.4.1
   author    : IRSSOFT

File Name    : admin/controller/sale/order.php(0)
VQModObject::applyMod - SEARCH NOT FOUND (ABORTING MOD): $data['invoice'] = $this->url->link('sale/order/invoice', 'token=' . $this->session->data['token'], 'SSL');
----------------------------------------------------------------------


---------- Date: 2016-08-15 12:07:33 ~ IP : 108.38.32.20 ----------
REQUEST URI : /admin/index.php?route=sale/order&amp;token=beba04188e8eb443af9ab3cdbcfcde6a
MOD DETAILS:
   modFile   : /home/ecigadmin/ecigbazaar.com/vqmod/xml/irs_import_export_order_products_categories_customer_to_210X.xml
   id        : irs_import_export_order_products_categories_customer_to_2101
   version   : 2.0
   vqmver    : 2.4.1
   author    : IRSSOFT

File Name    : admin/controller/sale/order.php(0)
VQModObject::applyMod - SEARCH NOT FOUND (ABORTING MOD): $data['invoice'] = $this->url->link('sale/order/invoice', 'token=' . $this->session->data['token'], 'SSL');
----------------------------------------------------------------------


---------- Date: 2016-08-15 12:29:56 ~ IP : 108.38.32.20 ----------
REQUEST URI : /admin/index.php?route=sale/order&amp;token=beba04188e8eb443af9ab3cdbcfcde6a
MOD DETAILS:
   modFile   : /home/ecigadmin/ecigbazaar.com/vqmod/xml/irs_import_export_order_products_categories_customer_to_210X.xml
   id        : irs_import_export_order_products_categories_customer_to_2101
   version   : 2.0
   vqmver    : 2.4.1
   author    : IRSSOFT

File Name    : admin/controller/sale/order.php(0)
VQModObject::applyMod - SEARCH NOT FOUND (ABORTING MOD): $data['invoice'] = $this->url->link('sale/order/invoice', 'token=' . $this->session->data['token'], 'SSL');
----------------------------------------------------------------------


---------- Date: 2016-08-15 15:34:35 ~ IP : 108.38.32.20 ----------
REQUEST URI : /admin/index.php?route=sale/order&amp;token=beba04188e8eb443af9ab3cdbcfcde6a
MOD DETAILS:
   modFile   : /home/ecigadmin/ecigbazaar.com/vqmod/xml/irs_import_export_order_products_categories_customer_to_210X.xml
   id        : irs_import_export_order_products_categories_customer_to_2101
   version   : 2.0
   vqmver    : 2.4.1
   author    : IRSSOFT

File Name    : admin/controller/sale/order.php(0)
VQModObject::applyMod - SEARCH NOT FOUND (ABORTING MOD): $data['invoice'] = $this->url->link('sale/order/invoice', 'token=' . $this->session->data['token'], 'SSL');
----------------------------------------------------------------------


---------- Date: 2016-08-15 16:09:09 ~ IP : 75.20.170.113 ----------
REQUEST URI : /index.php?route=account/account
MOD DETAILS:
   modFile   : /home/ecigadmin/ecigbazaar.com/vqmod/xml/irs_import_export_order_products_categories_customer_to_210X.xml
   id        : irs_import_export_order_products_categories_customer_to_2101
   version   : 2.0
   vqmver    : 2.4.1
   author    : IRSSOFT

File Name    : catalog/controller/account/account.php(0)
VQModObject::applyMod - SEARCH NOT FOUND (ABORTING MOD): public function country() {
----------------------------------------------------------------------


---------- Date: 2016-08-15 16:49:32 ~ IP : 75.20.170.113 ----------
REQUEST URI : /index.php?route=account/account
MOD DETAILS:
   modFile   : /home/ecigadmin/ecigbazaar.com/vqmod/xml/irs_import_export_order_products_categories_customer_to_210X.xml
   id        : irs_import_export_order_products_categories_customer_to_2101
   version   : 2.0
   vqmver    : 2.4.1
   author    : IRSSOFT

File Name    : catalog/controller/account/account.php(0)
VQModObject::applyMod - SEARCH NOT FOUND (ABORTING MOD): public function country() {
----------------------------------------------------------------------


