---------- Date: 2016-08-17 06:59:05 ~ IP : 77.75.78.164 ----------
REQUEST URI : /index.php?route=account/account
MOD DETAILS:
   modFile   : /home/ecigadmin/ecigbazaar.com/vqmod/xml/irs_import_export_order_products_categories_customer_to_210X.xml
   id        : irs_import_export_order_products_categories_customer_to_2101
   version   : 2.0
   vqmver    : 2.4.1
   author    : IRSSOFT

File Name    : catalog/controller/account/account.php(0)
VQModObject::applyMod - SEARCH NOT FOUND (ABORTING MOD): public function country() {
----------------------------------------------------------------------


---------- Date: 2016-08-17 11:03:43 ~ IP : 45.55.229.134 ----------
REQUEST URI : /index.php?route=account/account
MOD DETAILS:
   modFile   : /home/ecigadmin/ecigbazaar.com/vqmod/xml/irs_import_export_order_products_categories_customer_to_210X.xml
   id        : irs_import_export_order_products_categories_customer_to_2101
   version   : 2.0
   vqmver    : 2.4.1
   author    : IRSSOFT

File Name    : catalog/controller/account/account.php(0)
VQModObject::applyMod - SEARCH NOT FOUND (ABORTING MOD): public function country() {
----------------------------------------------------------------------


---------- Date: 2016-08-17 16:41:50 ~ IP : 104.131.9.13 ----------
REQUEST URI : /index.php?route=account/account
MOD DETAILS:
   modFile   : /home/ecigadmin/ecigbazaar.com/vqmod/xml/irs_import_export_order_products_categories_customer_to_210X.xml
   id        : irs_import_export_order_products_categories_customer_to_2101
   version   : 2.0
   vqmver    : 2.4.1
   author    : IRSSOFT

File Name    : catalog/controller/account/account.php(0)
VQModObject::applyMod - SEARCH NOT FOUND (ABORTING MOD): public function country() {
----------------------------------------------------------------------


