---------- Date: 2016-08-19 12:46:36 ~ IP : 144.76.29.66 ----------
REQUEST URI : /index.php?route=account/account
MOD DETAILS:
   modFile   : /home/ecigadmin/ecigbazaar.com/vqmod/xml/irs_import_export_order_products_categories_customer_to_210X.xml
   id        : irs_import_export_order_products_categories_customer_to_2101
   version   : 2.0
   vqmver    : 2.4.1
   author    : IRSSOFT

File Name    : catalog/controller/account/account.php(0)
VQModObject::applyMod - SEARCH NOT FOUND (ABORTING MOD): public function country() {
----------------------------------------------------------------------


---------- Date: 2016-08-19 15:49:35 ~ IP : 108.65.42.193 ----------
REQUEST URI : /index.php?route=checkout/confirm
MOD DETAILS:
   modFile   : /home/ecigadmin/ecigbazaar.com/vqmod/xml/irs_import_export_order_products_categories_customer_to_210X.xml
   id        : irs_import_export_order_products_categories_customer_to_2101
   version   : 2.0
   vqmver    : 2.4.1
   author    : IRSSOFT

File Name    : catalog/model/checkout/order.php(0)
VQModObject::applyMod - SEARCH NOT FOUND (ABORTING MOD): public function editOrder($order_id, $data) {
----------------------------------------------------------------------


---------- Date: 2016-08-19 15:51:16 ~ IP : 108.65.42.193 ----------
REQUEST URI : /index.php?route=payment/authorizenet_aim/send
MOD DETAILS:
   modFile   : /home/ecigadmin/ecigbazaar.com/vqmod/xml/irs_import_export_order_products_categories_customer_to_210X.xml
   id        : irs_import_export_order_products_categories_customer_to_2101
   version   : 2.0
   vqmver    : 2.4.1
   author    : IRSSOFT

File Name    : catalog/model/checkout/order.php(0)
VQModObject::applyMod - SEARCH NOT FOUND (ABORTING MOD): public function editOrder($order_id, $data) {
----------------------------------------------------------------------


---------- Date: 2016-08-19 16:39:45 ~ IP : 158.69.134.29 ----------
REQUEST URI : /index.php?route=account/account
MOD DETAILS:
   modFile   : /home/ecigadmin/ecigbazaar.com/vqmod/xml/irs_import_export_order_products_categories_customer_to_210X.xml
   id        : irs_import_export_order_products_categories_customer_to_2101
   version   : 2.0
   vqmver    : 2.4.1
   author    : IRSSOFT

File Name    : catalog/controller/account/account.php(0)
VQModObject::applyMod - SEARCH NOT FOUND (ABORTING MOD): public function country() {
----------------------------------------------------------------------


---------- Date: 2016-08-19 17:07:08 ~ IP : 172.56.27.214 ----------
REQUEST URI : /admin/index.php?route=sale/order/info&amp;order_id=211&amp;token=1e3bd63471053afa1f2131e5397d4356
MOD DETAILS:
   modFile   : /home/ecigadmin/ecigbazaar.com/vqmod/xml/irs_import_export_order_products_categories_customer_to_210X.xml
   id        : irs_import_export_order_products_categories_customer_to_2101
   version   : 2.0
   vqmver    : 2.4.1
   author    : IRSSOFT

File Name    : admin/controller/sale/order.php(0)
VQModObject::applyMod - SEARCH NOT FOUND (ABORTING MOD): $data['invoice'] = $this->url->link('sale/order/invoice', 'token=' . $this->session->data['token'], 'SSL');
----------------------------------------------------------------------


---------- Date: 2016-08-19 17:07:09 ~ IP : 172.56.27.214 ----------
REQUEST URI : /admin/index.php?route=sale/order/history&amp;token=1e3bd63471053afa1f2131e5397d4356&amp;order_id=211
MOD DETAILS:
   modFile   : /home/ecigadmin/ecigbazaar.com/vqmod/xml/irs_import_export_order_products_categories_customer_to_210X.xml
   id        : irs_import_export_order_products_categories_customer_to_2101
   version   : 2.0
   vqmver    : 2.4.1
   author    : IRSSOFT

File Name    : admin/controller/sale/order.php(0)
VQModObject::applyMod - SEARCH NOT FOUND (ABORTING MOD): $data['invoice'] = $this->url->link('sale/order/invoice', 'token=' . $this->session->data['token'], 'SSL');
----------------------------------------------------------------------


---------- Date: 2016-08-19 17:09:29 ~ IP : 172.56.27.214 ----------
REQUEST URI : /admin/index.php?route=sale/order&amp;token=1e3bd63471053afa1f2131e5397d4356
MOD DETAILS:
   modFile   : /home/ecigadmin/ecigbazaar.com/vqmod/xml/irs_import_export_order_products_categories_customer_to_210X.xml
   id        : irs_import_export_order_products_categories_customer_to_2101
   version   : 2.0
   vqmver    : 2.4.1
   author    : IRSSOFT

File Name    : admin/controller/sale/order.php(0)
VQModObject::applyMod - SEARCH NOT FOUND (ABORTING MOD): $data['invoice'] = $this->url->link('sale/order/invoice', 'token=' . $this->session->data['token'], 'SSL');
----------------------------------------------------------------------


---------- Date: 2016-08-19 17:09:36 ~ IP : 172.56.27.214 ----------
REQUEST URI : /admin/index.php?route=sale/order/info&amp;token=1e3bd63471053afa1f2131e5397d4356&amp;order_id=213
MOD DETAILS:
   modFile   : /home/ecigadmin/ecigbazaar.com/vqmod/xml/irs_import_export_order_products_categories_customer_to_210X.xml
   id        : irs_import_export_order_products_categories_customer_to_2101
   version   : 2.0
   vqmver    : 2.4.1
   author    : IRSSOFT

File Name    : admin/controller/sale/order.php(0)
VQModObject::applyMod - SEARCH NOT FOUND (ABORTING MOD): $data['invoice'] = $this->url->link('sale/order/invoice', 'token=' . $this->session->data['token'], 'SSL');
----------------------------------------------------------------------


---------- Date: 2016-08-19 17:09:36 ~ IP : 172.56.27.214 ----------
REQUEST URI : /admin/index.php?route=sale/order/history&amp;token=1e3bd63471053afa1f2131e5397d4356&amp;order_id=213
MOD DETAILS:
   modFile   : /home/ecigadmin/ecigbazaar.com/vqmod/xml/irs_import_export_order_products_categories_customer_to_210X.xml
   id        : irs_import_export_order_products_categories_customer_to_2101
   version   : 2.0
   vqmver    : 2.4.1
   author    : IRSSOFT

File Name    : admin/controller/sale/order.php(0)
VQModObject::applyMod - SEARCH NOT FOUND (ABORTING MOD): $data['invoice'] = $this->url->link('sale/order/invoice', 'token=' . $this->session->data['token'], 'SSL');
----------------------------------------------------------------------


---------- Date: 2016-08-19 18:31:06 ~ IP : 62.138.0.25 ----------
REQUEST URI : /index.php?route=account/account
MOD DETAILS:
   modFile   : /home/ecigadmin/ecigbazaar.com/vqmod/xml/irs_import_export_order_products_categories_customer_to_210X.xml
   id        : irs_import_export_order_products_categories_customer_to_2101
   version   : 2.0
   vqmver    : 2.4.1
   author    : IRSSOFT

File Name    : catalog/controller/account/account.php(0)
VQModObject::applyMod - SEARCH NOT FOUND (ABORTING MOD): public function country() {
----------------------------------------------------------------------


